<?xml version="1.1" encoding="UTF-8"?>
<testsuite name="com.game.CardTest" tests="6" failures="0" errors="0" timestamp="2014-02-26T07:58:14" hostname="ry-PC" time="0.003">
  <properties/>
  <testcase name="should_get_card_A" classname="com.game.CardTest" time="0.0"/>
  <testcase name="should_not_get_card_1" classname="com.game.CardTest" time="0.0"/>
  <testcase name="should_card_A_point_1" classname="com.game.CardTest" time="0.001"/>
  <testcase name="should_card_5_point_5" classname="com.game.CardTest" time="0.0"/>
  <testcase name="should_get_Spade" classname="com.game.CardTest" time="0.0"/>
  <testcase name="should_get_Spade_5" classname="com.game.CardTest" time="0.0"/>
  <system-out><![CDATA[]]></system-out>
  <system-err><![CDATA[]]></system-err>
</testsuite>
