<?xml version="1.1" encoding="UTF-8"?>
<testsuite name="com.game.mainPageControllerTest" tests="1" failures="0" errors="0" timestamp="2014-02-26T07:58:14" hostname="ry-PC" time="0.004">
  <properties/>
  <testcase name="should_render_mainPage" classname="com.game.mainPageControllerTest" time="0.004"/>
  <system-out><![CDATA[]]></system-out>
  <system-err><![CDATA[]]></system-err>
</testsuite>
