<?xml version="1.1" encoding="UTF-8"?>
<testsuite name="com.game.CardsTest" tests="2" failures="0" errors="0" timestamp="2014-02-26T07:58:14" hostname="ry-PC" time="0.194">
  <properties/>
  <testcase name="should_card_20_is_Spade_8" classname="com.game.CardsTest" time="0.194"/>
  <testcase name="should_card_1_is_Club_2" classname="com.game.CardsTest" time="0.0"/>
  <system-out><![CDATA[]]></system-out>
  <system-err><![CDATA[]]></system-err>
</testsuite>
