<?xml version="1.1" encoding="UTF-8"?>
<testsuite name="com.game.mainPageControllerTest" tests="2" failures="0" errors="0" timestamp="2014-04-10T07:56:25" hostname="ry-PC" time="0.023">
  <properties/>
  <testcase name="should_render_mainPage_return_correct_string" classname="com.game.mainPageControllerTest" time="0.022"/>
  <testcase name="should_render_mainPage_add_attribute_to_model" classname="com.game.mainPageControllerTest" time="0.001"/>
  <system-out><![CDATA[]]></system-out>
  <system-err><![CDATA[]]></system-err>
</testsuite>
